2023/10/09 18:11:12 goroutine 1 [running]:
runtime/debug.Stack()
	D:/PATH/GO/src/runtime/debug/stack.go:24 +0x65
main.Recover(0xeb6938)
	D:/CODE/go/mp/main.go:39 +0x58
panic({0xe96200, 0xc00021c030})
	D:/PATH/GO/src/runtime/panic.go:838 +0x207
main.EmitError(...)
	D:/CODE/go/mp/main.go:30
main.CheckPath({0xc000208050?, 0xc000006018?})
	D:/CODE/go/mp/main_windows.go:48 +0x214
main.ParseUserInput()
	D:/CODE/go/mp/main.go:76 +0x218
main.main()
	D:/CODE/go/mp/main.go:123 +0xd8

2023/10/09 19:27:57 goroutine 1 [running]:
runtime/debug.Stack()
	/mnt/d/DOWNLOAD/linux/go/src/runtime/debug/stack.go:24 +0x5e
main.Recover(0x4f8f18)
	/mnt/d/CODE/go/mp/main.go:39 +0x5b
panic({0x4dc3a0?, 0xc000196138?})
	/mnt/d/DOWNLOAD/linux/go/src/runtime/panic.go:914 +0x21f
main.EmitError(...)
	/mnt/d/CODE/go/mp/main.go:30
main.CheckPath({0xc0001dc090, 0x11})
	/mnt/d/CODE/go/mp/main_linux.go:15 +0x145
main.ParseUserInput()
	/mnt/d/CODE/go/mp/main.go:72 +0x218
main.main()
	/mnt/d/CODE/go/mp/main.go:119 +0xc9

2023/10/09 19:29:03 goroutine 1 [running]:
runtime/debug.Stack()
	/mnt/d/DOWNLOAD/linux/go/src/runtime/debug/stack.go:24 +0x5e
main.Recover(0x4f8f18)
	/mnt/d/CODE/go/mp/main.go:39 +0x5b
panic({0x4dc3a0?, 0xc00011c108?})
	/mnt/d/DOWNLOAD/linux/go/src/runtime/panic.go:914 +0x21f
main.EmitError(...)
	/mnt/d/CODE/go/mp/main.go:30
main.CheckPath({0xc000164090, 0x11})
	/mnt/d/CODE/go/mp/main_linux.go:15 +0x145
main.ParseUserInput()
	/mnt/d/CODE/go/mp/main.go:72 +0x218
main.main()
	/mnt/d/CODE/go/mp/main.go:119 +0xc9

2023/10/09 19:30:01 goroutine 1 [running]:
runtime/debug.Stack()
	/mnt/d/DOWNLOAD/linux/go/src/runtime/debug/stack.go:24 +0x5e
main.Recover(0x4f8f18)
	/mnt/d/CODE/go/mp/main.go:39 +0x5b
panic({0x4dc3a0?, 0xc000012120?})
	/mnt/d/DOWNLOAD/linux/go/src/runtime/panic.go:914 +0x21f
main.EmitError(...)
	/mnt/d/CODE/go/mp/main.go:30
main.CheckPath({0xc0000201b0, 0x11})
	/mnt/d/CODE/go/mp/main_linux.go:15 +0x145
main.ParseUserInput()
	/mnt/d/CODE/go/mp/main.go:72 +0x218
main.main()
	/mnt/d/CODE/go/mp/main.go:119 +0xc9

2023/10/09 19:30:43 goroutine 1 [running]:
runtime/debug.Stack()
	/mnt/d/DOWNLOAD/linux/go/src/runtime/debug/stack.go:24 +0x5e
main.Recover(0x4f8f18)
	/mnt/d/CODE/go/mp/main.go:39 +0x5b
panic({0x4dc3a0?, 0xc000012168?})
	/mnt/d/DOWNLOAD/linux/go/src/runtime/panic.go:914 +0x21f
main.EmitError(...)
	/mnt/d/CODE/go/mp/main.go:30
main.CheckPath({0xc0000201b0, 0x11})
	/mnt/d/CODE/go/mp/main_linux.go:15 +0x145
main.ParseUserInput()
	/mnt/d/CODE/go/mp/main.go:72 +0x218
main.main()
	/mnt/d/CODE/go/mp/main.go:119 +0xc9

